# JRE version: Java(TM) SE Runtime Environment (7.0_75-b13) (build 1.7.0_75-b13)
# Java VM: Java HotSpot(TM) 64-Bit Server VM (24.75-b04 mixed mode bsd-amd64 compressed oops)
Heap
 PSYoungGen      total 227328K, used 42263K [0x00000007eaa80000, 0x00000007fa300000, 0x0000000800000000)
  eden space 200192K, 21% used [0x00000007eaa80000,0x00000007ed3c5c60,0x00000007f6e00000)
  from space 27136K, 0% used [0x00000007f6e00000,0x00000007f6e00000,0x00000007f8880000)
  to   space 27136K, 0% used [0x00000007f8880000,0x00000007f8880000,0x00000007fa300000)
 ParOldGen       total 87040K, used 41412K [0x00000007c0000000, 0x00000007c5500000, 0x00000007eaa80000)
  object space 87040K, 47% used [0x00000007c0000000,0x00000007c2871240,0x00000007c5500000)
 PSPermGen       total 101376K, used 47763K [0x00000007b0000000, 0x00000007b6300000, 0x00000007c0000000)
  object space 101376K, 47% used [0x00000007b0000000,0x00000007b2ea4e40,0x00000007b6300000)
GC Heap History (10 events):
Event: 161.462 GC heap before
{Heap before GC invocations=16 (full 2):
 PSYoungGen      total 247808K, used 160K [0x00000007eaa80000, 0x00000007fb980000, 0x0000000800000000)
  eden space 218112K, 0% used [0x00000007eaa80000,0x00000007eaa80000,0x00000007f7f80000)
  from space 29696K, 0% used [0x00000007f9c80000,0x00000007f9ca8000,0x00000007fb980000)
  to   space 29696K, 0% used [0x00000007f7f80000,0x00000007f7f80000,0x00000007f9c80000)
 ParOldGen       total 87040K, used 44643K [0x00000007c0000000, 0x00000007c5500000, 0x00000007eaa80000)
  object space 87040K, 51% used [0x00000007c0000000,0x00000007c2b98cb8,0x00000007c5500000)
 PSPermGen       total 91648K, used 47101K [0x00000007b0000000, 0x00000007b5980000, 0x00000007c0000000)
  object space 91648K, 51% used [0x00000007b0000000,0x00000007b2dff4f0,0x00000007b5980000)
Event: 161.716 GC heap after
Heap after GC invocations=16 (full 2):
 PSYoungGen      total 247808K, used 0K [0x00000007eaa80000, 0x00000007fb980000, 0x0000000800000000)
  eden space 218112K, 0% used [0x00000007eaa80000,0x00000007eaa80000,0x00000007f7f80000)
  from space 29696K, 0% used [0x00000007f9c80000,0x00000007f9c80000,0x00000007fb980000)
  to   space 29696K, 0% used [0x00000007f7f80000,0x00000007f7f80000,0x00000007f9c80000)
 ParOldGen       total 87040K, used 39962K [0x00000007c0000000, 0x00000007c5500000, 0x00000007eaa80000)
  object space 87040K, 45% used [0x00000007c0000000,0x00000007c2706a90,0x00000007c5500000)
 PSPermGen       total 103936K, used 47098K [0x00000007b0000000, 0x00000007b6580000, 0x00000007c0000000)
  object space 103936K, 45% used [0x00000007b0000000,0x00000007b2dfe8f0,0x00000007b6580000)
}
Event: 277.253 GC heap before
{Heap before GC invocations=17 (full 2):
 PSYoungGen      total 247808K, used 218112K [0x00000007eaa80000, 0x00000007fb980000, 0x0000000800000000)
  eden space 218112K, 100% used [0x00000007eaa80000,0x00000007f7f80000,0x00000007f7f80000)
  from space 29696K, 0% used [0x00000007f9c80000,0x00000007f9c80000,0x00000007fb980000)
  to   space 29696K, 0% used [0x00000007f7f80000,0x00000007f7f80000,0x00000007f9c80000)
 ParOldGen       total 87040K, used 39962K [0x00000007c0000000, 0x00000007c5500000, 0x00000007eaa80000)
  object space 87040K, 45% used [0x00000007c0000000,0x00000007c2706a90,0x00000007c5500000)
 PSPermGen       total 103936K, used 47340K [0x00000007b0000000, 0x00000007b6580000, 0x00000007c0000000)
  object space 103936K, 45% used [0x00000007b0000000,0x00000007b2e3b268,0x00000007b6580000)
Event: 277.260 GC heap after
Heap after GC invocations=17 (full 2):
 PSYoungGen      total 215552K, used 6394K [0x00000007eaa80000, 0x00000007fae80000, 0x0000000800000000)
  eden space 208896K, 0% used [0x00000007eaa80000,0x00000007eaa80000,0x00000007f7680000)
  from space 6656K, 96% used [0x00000007f7f80000,0x00000007f85be850,0x00000007f8600000)
  to   space 28672K, 0% used [0x00000007f9280000,0x00000007f9280000,0x00000007fae80000)
 ParOldGen       total 87040K, used 39962K [0x00000007c0000000, 0x00000007c5500000, 0x00000007eaa80000)
  object space 87040K, 45% used [0x00000007c0000000,0x00000007c2706a90,0x00000007c5500000)
 PSPermGen       total 103936K, used 47340K [0x00000007b0000000, 0x00000007b6580000, 0x00000007c0000000)
  object space 103936K, 45% used [0x00000007b0000000,0x00000007b2e3b268,0x00000007b6580000)
}
Event: 381.363 GC heap before
{Heap before GC invocations=18 (full 2):
 PSYoungGen      total 215552K, used 215290K [0x00000007eaa80000, 0x00000007fae80000, 0x0000000800000000)
  eden space 208896K, 100% used [0x00000007eaa80000,0x00000007f7680000,0x00000007f7680000)
  from space 6656K, 96% used [0x00000007f7f80000,0x00000007f85be850,0x00000007f8600000)
  to   space 28672K, 0% used [0x00000007f9280000,0x00000007f9280000,0x00000007fae80000)
 ParOldGen       total 87040K, used 39962K [0x00000007c0000000, 0x00000007c5500000, 0x00000007eaa80000)
  object space 87040K, 45% used [0x00000007c0000000,0x00000007c2706a90,0x00000007c5500000)
 PSPermGen       total 103936K, used 47696K [0x00000007b0000000, 0x00000007b6580000, 0x00000007c0000000)
  object space 103936K, 45% used [0x00000007b0000000,0x00000007b2e94270,0x00000007b6580000)
Event: 381.371 GC heap after
Heap after GC invocations=18 (full 2):
 PSYoungGen      total 217088K, used 7294K [0x00000007eaa80000, 0x00000007fa300000, 0x0000000800000000)
  eden space 200192K, 0% used [0x00000007eaa80000,0x00000007eaa80000,0x00000007f6e00000)
  from space 16896K, 43% used [0x00000007f9280000,0x00000007f999f818,0x00000007fa300000)
  to   space 27136K, 0% used [0x00000007f6e00000,0x00000007f6e00000,0x00000007f8880000)
 ParOldGen       total 87040K, used 40426K [0x00000007c0000000, 0x00000007c5500000, 0x00000007eaa80000)
  object space 87040K, 46% used [0x00000007c0000000,0x00000007c277aa90,0x00000007c5500000)
 PSPermGen       total 103936K, used 47696K [0x00000007b0000000, 0x00000007b6580000, 0x00000007c0000000)
  object space 103936K, 45% used [0x00000007b0000000,0x00000007b2e94270,0x00000007b6580000)
}
Event: 390.450 GC heap before
{Heap before GC invocations=19 (full 2):
 PSYoungGen      total 217088K, used 100684K [0x00000007eaa80000, 0x00000007fa300000, 0x0000000800000000)
  eden space 200192K, 46% used [0x00000007eaa80000,0x00000007f05b3980,0x00000007f6e00000)
  from space 16896K, 43% used [0x00000007f9280000,0x00000007f999f818,0x00000007fa300000)
  to   space 27136K, 0% used [0x00000007f6e00000,0x00000007f6e00000,0x00000007f8880000)
 ParOldGen       total 87040K, used 40426K [0x00000007c0000000, 0x00000007c5500000, 0x00000007eaa80000)
  object space 87040K, 46% used [0x00000007c0000000,0x00000007c277aa90,0x00000007c5500000)
 PSPermGen       total 103936K, used 47760K [0x00000007b0000000, 0x00000007b6580000, 0x00000007c0000000)
  object space 103936K, 45% used [0x00000007b0000000,0x00000007b2ea4340,0x00000007b6580000)
Event: 390.454 GC heap after
Heap after GC invocations=19 (full 2):
 PSYoungGen      total 227328K, used 1024K [0x00000007eaa80000, 0x00000007fa300000, 0x0000000800000000)
  eden space 200192K, 0% used [0x00000007eaa80000,0x00000007eaa80000,0x00000007f6e00000)
  from space 27136K, 3% used [0x00000007f6e00000,0x00000007f6f00000,0x00000007f8880000)
  to   space 27136K, 0% used [0x00000007f8880000,0x00000007f8880000,0x00000007fa300000)
 ParOldGen       total 87040K, used 40890K [0x00000007c0000000, 0x00000007c5500000, 0x00000007eaa80000)
  object space 87040K, 46% used [0x00000007c0000000,0x00000007c27eeaf0,0x00000007c5500000)
 PSPermGen       total 103936K, used 47760K [0x00000007b0000000, 0x00000007b6580000, 0x00000007c0000000)
  object space 103936K, 45% used [0x00000007b0000000,0x00000007b2ea4340,0x00000007b6580000)
}
Event: 390.454 GC heap before
{Heap before GC invocations=20 (full 3):
 PSYoungGen      total 227328K, used 1024K [0x00000007eaa80000, 0x00000007fa300000, 0x0000000800000000)
  eden space 200192K, 0% used [0x00000007eaa80000,0x00000007eaa80000,0x00000007f6e00000)
  from space 27136K, 3% used [0x00000007f6e00000,0x00000007f6f00000,0x00000007f8880000)
  to   space 27136K, 0% used [0x00000007f8880000,0x00000007f8880000,0x00000007fa300000)
 ParOldGen       total 87040K, used 40890K [0x00000007c0000000, 0x00000007c5500000, 0x00000007eaa80000)
  object space 87040K, 46% used [0x00000007c0000000,0x00000007c27eeaf0,0x00000007c5500000)
 PSPermGen       total 103936K, used 47760K [0x00000007b0000000, 0x00000007b6580000, 0x00000007c0000000)
  object space 103936K, 45% used [0x00000007b0000000,0x00000007b2ea4340,0x00000007b6580000)
Event: 390.868 GC heap after
Heap after GC invocations=20 (full 3):
 PSYoungGen      total 227328K, used 0K [0x00000007eaa80000, 0x00000007fa300000, 0x0000000800000000)
  eden space 200192K, 0% used [0x00000007eaa80000,0x00000007eaa80000,0x00000007f6e00000)
  from space 27136K, 0% used [0x00000007f6e00000,0x00000007f6e00000,0x00000007f8880000)
  to   space 27136K, 0% used [0x00000007f8880000,0x00000007f8880000,0x00000007fa300000)
 ParOldGen       total 87040K, used 41412K [0x00000007c0000000, 0x00000007c5500000, 0x00000007eaa80000)
  object space 87040K, 47% used [0x00000007c0000000,0x00000007c2871240,0x00000007c5500000)
 PSPermGen       total 101376K, used 47758K [0x00000007b0000000, 0x00000007b6300000, 0x00000007c0000000)
  object space 101376K, 47% used [0x00000007b0000000,0x00000007b2ea3a40,0x00000007b6300000)
}

