# JRE version: Java(TM) SE Runtime Environment (7.0_75-b13) (build 1.7.0_75-b13)
# Java VM: Java HotSpot(TM) 64-Bit Server VM (24.75-b04 mixed mode bsd-amd64 compressed oops)
Heap
 PSYoungGen      total 78336K, used 35397K [0x00000007eaa80000, 0x00000007f0e80000, 0x0000000800000000)
  eden space 76800K, 44% used [0x00000007eaa80000,0x00000007ecbed758,0x00000007ef580000)
  from space 1536K, 76% used [0x00000007ef800000,0x00000007ef924010,0x00000007ef980000)
  to   space 12800K, 0% used [0x00000007f0200000,0x00000007f0200000,0x00000007f0e80000)
 ParOldGen       total 87040K, used 64207K [0x00000007c0000000, 0x00000007c5500000, 0x00000007eaa80000)
  object space 87040K, 73% used [0x00000007c0000000,0x00000007c3eb3ed0,0x00000007c5500000)
 PSPermGen       total 73216K, used 58362K [0x00000007b0000000, 0x00000007b4780000, 0x00000007c0000000)
  object space 73216K, 79% used [0x00000007b0000000,0x00000007b38fe9a0,0x00000007b4780000)
GC Heap History (10 events):
Event: 4571.600 GC heap before
{Heap before GC invocations=65 (full 14):
 PSYoungGen      total 101888K, used 96766K [0x00000007eaa80000, 0x00000007f2000000, 0x0000000800000000)
  eden space 90624K, 100% used [0x00000007eaa80000,0x00000007f0300000,0x00000007f0300000)
  from space 11264K, 54% used [0x00000007f1500000,0x00000007f1aff910,0x00000007f2000000)
  to   space 14848K, 0% used [0x00000007f0300000,0x00000007f0300000,0x00000007f1180000)
 ParOldGen       total 87040K, used 50846K [0x00000007c0000000, 0x00000007c5500000, 0x00000007eaa80000)
  object space 87040K, 58% used [0x00000007c0000000,0x00000007c31a7b28,0x00000007c5500000)
 PSPermGen       total 73216K, used 58209K [0x00000007b0000000, 0x00000007b4780000, 0x00000007c0000000)
  object space 73216K, 79% used [0x00000007b0000000,0x00000007b38d8758,0x00000007b4780000)
Event: 4571.614 GC heap after
Heap after GC invocations=65 (full 14):
 PSYoungGen      total 91648K, used 3840K [0x00000007eaa80000, 0x00000007f1c00000, 0x0000000800000000)
  eden space 87552K, 0% used [0x00000007eaa80000,0x00000007eaa80000,0x00000007f0000000)
  from space 4096K, 93% used [0x00000007f0300000,0x00000007f06c0000,0x00000007f0700000)
  to   space 14336K, 0% used [0x00000007f0e00000,0x00000007f0e00000,0x00000007f1c00000)
 ParOldGen       total 87040K, used 55968K [0x00000007c0000000, 0x00000007c5500000, 0x00000007eaa80000)
  object space 87040K, 64% used [0x00000007c0000000,0x00000007c36a8340,0x00000007c5500000)
 PSPermGen       total 73216K, used 58209K [0x00000007b0000000, 0x00000007b4780000, 0x00000007c0000000)
  object space 73216K, 79% used [0x00000007b0000000,0x00000007b38d8758,0x00000007b4780000)
}
Event: 4581.030 GC heap before
{Heap before GC invocations=66 (full 14):
 PSYoungGen      total 91648K, used 91392K [0x00000007eaa80000, 0x00000007f1c00000, 0x0000000800000000)
  eden space 87552K, 100% used [0x00000007eaa80000,0x00000007f0000000,0x00000007f0000000)
  from space 4096K, 93% used [0x00000007f0300000,0x00000007f06c0000,0x00000007f0700000)
  to   space 14336K, 0% used [0x00000007f0e00000,0x00000007f0e00000,0x00000007f1c00000)
 ParOldGen       total 87040K, used 55968K [0x00000007c0000000, 0x00000007c5500000, 0x00000007eaa80000)
  object space 87040K, 64% used [0x00000007c0000000,0x00000007c36a8340,0x00000007c5500000)
 PSPermGen       total 73216K, used 58244K [0x00000007b0000000, 0x00000007b4780000, 0x00000007c0000000)
  object space 73216K, 79% used [0x00000007b0000000,0x00000007b38e1080,0x00000007b4780000)
Event: 4581.039 GC heap after
Heap after GC invocations=66 (full 14):
 PSYoungGen      total 94720K, used 1568K [0x00000007eaa80000, 0x00000007f1800000, 0x0000000800000000)
  eden space 84480K, 0% used [0x00000007eaa80000,0x00000007eaa80000,0x00000007efd00000)
  from space 10240K, 15% used [0x00000007f0e00000,0x00000007f0f88000,0x00000007f1800000)
  to   space 13824K, 0% used [0x00000007efd00000,0x00000007efd00000,0x00000007f0a80000)
 ParOldGen       total 87040K, used 57748K [0x00000007c0000000, 0x00000007c5500000, 0x00000007eaa80000)
  object space 87040K, 66% used [0x00000007c0000000,0x00000007c3865370,0x00000007c5500000)
 PSPermGen       total 73216K, used 58244K [0x00000007b0000000, 0x00000007b4780000, 0x00000007c0000000)
  object space 73216K, 79% used [0x00000007b0000000,0x00000007b38e1080,0x00000007b4780000)
}
Event: 4631.745 GC heap before
{Heap before GC invocations=67 (full 14):
 PSYoungGen      total 94720K, used 86048K [0x00000007eaa80000, 0x00000007f1800000, 0x0000000800000000)
  eden space 84480K, 100% used [0x00000007eaa80000,0x00000007efd00000,0x00000007efd00000)
  from space 10240K, 15% used [0x00000007f0e00000,0x00000007f0f88000,0x00000007f1800000)
  to   space 13824K, 0% used [0x00000007efd00000,0x00000007efd00000,0x00000007f0a80000)
 ParOldGen       total 87040K, used 57748K [0x00000007c0000000, 0x00000007c5500000, 0x00000007eaa80000)
  object space 87040K, 66% used [0x00000007c0000000,0x00000007c3865370,0x00000007c5500000)
 PSPermGen       total 73216K, used 58292K [0x00000007b0000000, 0x00000007b4780000, 0x00000007c0000000)
  object space 73216K, 79% used [0x00000007b0000000,0x00000007b38ed2e8,0x00000007b4780000)
Event: 4631.751 GC heap after
Heap after GC invocations=67 (full 14):
 PSYoungGen      total 87040K, used 4938K [0x00000007eaa80000, 0x00000007f1380000, 0x0000000800000000)
  eden space 81920K, 0% used [0x00000007eaa80000,0x00000007eaa80000,0x00000007efa80000)
  from space 5120K, 96% used [0x00000007efd00000,0x00000007f01d2a20,0x00000007f0200000)
  to   space 12800K, 0% used [0x00000007f0700000,0x00000007f0700000,0x00000007f1380000)
 ParOldGen       total 87040K, used 58185K [0x00000007c0000000, 0x00000007c5500000, 0x00000007eaa80000)
  object space 87040K, 66% used [0x00000007c0000000,0x00000007c38d26a8,0x00000007c5500000)
 PSPermGen       total 73216K, used 58292K [0x00000007b0000000, 0x00000007b4780000, 0x00000007c0000000)
  object space 73216K, 79% used [0x00000007b0000000,0x00000007b38ed2e8,0x00000007b4780000)
}
Event: 4632.350 GC heap before
{Heap before GC invocations=68 (full 14):
 PSYoungGen      total 87040K, used 86109K [0x00000007eaa80000, 0x00000007f1380000, 0x0000000800000000)
  eden space 81920K, 99% used [0x00000007eaa80000,0x00000007ef9c4a58,0x00000007efa80000)
  from space 5120K, 96% used [0x00000007efd00000,0x00000007f01d2a20,0x00000007f0200000)
  to   space 12800K, 0% used [0x00000007f0700000,0x00000007f0700000,0x00000007f1380000)
 ParOldGen       total 87040K, used 58185K [0x00000007c0000000, 0x00000007c5500000, 0x00000007eaa80000)
  object space 87040K, 66% used [0x00000007c0000000,0x00000007c38d26a8,0x00000007c5500000)
 PSPermGen       total 73216K, used 58301K [0x00000007b0000000, 0x00000007b4780000, 0x00000007c0000000)
  object space 73216K, 79% used [0x00000007b0000000,0x00000007b38ef598,0x00000007b4780000)
Event: 4632.364 GC heap after
Heap after GC invocations=68 (full 14):
 PSYoungGen      total 90624K, used 7182K [0x00000007eaa80000, 0x00000007f1200000, 0x0000000800000000)
  eden space 79360K, 0% used [0x00000007eaa80000,0x00000007eaa80000,0x00000007ef800000)
  from space 11264K, 63% used [0x00000007f0700000,0x00000007f0e038c0,0x00000007f1200000)
  to   space 13312K, 0% used [0x00000007ef800000,0x00000007ef800000,0x00000007f0500000)
 ParOldGen       total 87040K, used 62119K [0x00000007c0000000, 0x00000007c5500000, 0x00000007eaa80000)
  object space 87040K, 71% used [0x00000007c0000000,0x00000007c3ca9ed0,0x00000007c5500000)
 PSPermGen       total 73216K, used 58301K [0x00000007b0000000, 0x00000007b4780000, 0x00000007c0000000)
  object space 73216K, 79% used [0x00000007b0000000,0x00000007b38ef598,0x00000007b4780000)
}
Event: 84785.768 GC heap before
{Heap before GC invocations=69 (full 14):
 PSYoungGen      total 90624K, used 86542K [0x00000007eaa80000, 0x00000007f1200000, 0x0000000800000000)
  eden space 79360K, 100% used [0x00000007eaa80000,0x00000007ef800000,0x00000007ef800000)
  from space 11264K, 63% used [0x00000007f0700000,0x00000007f0e038c0,0x00000007f1200000)
  to   space 13312K, 0% used [0x00000007ef800000,0x00000007ef800000,0x00000007f0500000)
 ParOldGen       total 87040K, used 62119K [0x00000007c0000000, 0x00000007c5500000, 0x00000007eaa80000)
  object space 87040K, 71% used [0x00000007c0000000,0x00000007c3ca9ed0,0x00000007c5500000)
 PSPermGen       total 73216K, used 58344K [0x00000007b0000000, 0x00000007b4780000, 0x00000007c0000000)
  object space 73216K, 79% used [0x00000007b0000000,0x00000007b38fa3d0,0x00000007b4780000)
Event: 84785.955 GC heap after
Heap after GC invocations=69 (full 14):
 PSYoungGen      total 78336K, used 1168K [0x00000007eaa80000, 0x00000007f0e80000, 0x0000000800000000)
  eden space 76800K, 0% used [0x00000007eaa80000,0x00000007eaa80000,0x00000007ef580000)
  from space 1536K, 76% used [0x00000007ef800000,0x00000007ef924010,0x00000007ef980000)
  to   space 12800K, 0% used [0x00000007f0200000,0x00000007f0200000,0x00000007f0e80000)
 ParOldGen       total 87040K, used 64207K [0x00000007c0000000, 0x00000007c5500000, 0x00000007eaa80000)
  object space 87040K, 73% used [0x00000007c0000000,0x00000007c3eb3ed0,0x00000007c5500000)
 PSPermGen       total 73216K, used 58344K [0x00000007b0000000, 0x00000007b4780000, 0x00000007c0000000)
  object space 73216K, 79% used [0x00000007b0000000,0x00000007b38fa3d0,0x00000007b4780000)
}

