# JRE version: Java(TM) SE Runtime Environment (7.0_75-b13) (build 1.7.0_75-b13)
# Java VM: Java HotSpot(TM) 64-Bit Server VM (24.75-b04 mixed mode bsd-amd64 compressed oops)
Heap
 PSYoungGen      total 186368K, used 12545K [0x00000007eaa80000, 0x00000007f6e00000, 0x0000000800000000)
  eden space 172544K, 7% used [0x00000007eaa80000,0x00000007eb6c0668,0x00000007f5300000)
  from space 13824K, 0% used [0x00000007f5300000,0x00000007f5300000,0x00000007f6080000)
  to   space 13824K, 0% used [0x00000007f6080000,0x00000007f6080000,0x00000007f6e00000)
 ParOldGen       total 87040K, used 24898K [0x00000007c0000000, 0x00000007c5500000, 0x00000007eaa80000)
  object space 87040K, 28% used [0x00000007c0000000,0x00000007c18509c8,0x00000007c5500000)
 PSPermGen       total 68608K, used 54709K [0x00000007b0000000, 0x00000007b4300000, 0x00000007c0000000)
  object space 68608K, 79% used [0x00000007b0000000,0x00000007b356d570,0x00000007b4300000)
GC Heap History (10 events):
Event: 5801.935 GC heap before
{Heap before GC invocations=48 (full 13):
 PSYoungGen      total 195072K, used 179712K [0x00000007eaa80000, 0x00000007f7800000, 0x0000000800000000)
  eden space 179712K, 100% used [0x00000007eaa80000,0x00000007f5a00000,0x00000007f5a00000)
  from space 15360K, 0% used [0x00000007f6900000,0x00000007f6900000,0x00000007f7800000)
  to   space 15360K, 0% used [0x00000007f5a00000,0x00000007f5a00000,0x00000007f6900000)
 ParOldGen       total 87040K, used 48206K [0x00000007c0000000, 0x00000007c5500000, 0x00000007eaa80000)
  object space 87040K, 55% used [0x00000007c0000000,0x00000007c2f13968,0x00000007c5500000)
 PSPermGen       total 75264K, used 56601K [0x00000007b0000000, 0x00000007b4980000, 0x00000007c0000000)
  object space 75264K, 75% used [0x00000007b0000000,0x00000007b3746440,0x00000007b4980000)
Event: 5801.944 GC heap after
Heap after GC invocations=48 (full 13):
 PSYoungGen      total 176128K, used 3216K [0x00000007eaa80000, 0x00000007f7000000, 0x0000000800000000)
  eden space 172544K, 0% used [0x00000007eaa80000,0x00000007eaa80000,0x00000007f5300000)
  from space 3584K, 89% used [0x00000007f5a00000,0x00000007f5d24030,0x00000007f5d80000)
  to   space 14848K, 0% used [0x00000007f6180000,0x00000007f6180000,0x00000007f7000000)
 ParOldGen       total 87040K, used 48206K [0x00000007c0000000, 0x00000007c5500000, 0x00000007eaa80000)
  object space 87040K, 55% used [0x00000007c0000000,0x00000007c2f13968,0x00000007c5500000)
 PSPermGen       total 75264K, used 56601K [0x00000007b0000000, 0x00000007b4980000, 0x00000007c0000000)
  object space 75264K, 75% used [0x00000007b0000000,0x00000007b3746440,0x00000007b4980000)
}
Event: 5817.634 GC heap before
{Heap before GC invocations=49 (full 13):
 PSYoungGen      total 176128K, used 171352K [0x00000007eaa80000, 0x00000007f7000000, 0x0000000800000000)
  eden space 172544K, 97% used [0x00000007eaa80000,0x00000007f4eb2340,0x00000007f5300000)
  from space 3584K, 89% used [0x00000007f5a00000,0x00000007f5d24030,0x00000007f5d80000)
  to   space 14848K, 0% used [0x00000007f6180000,0x00000007f6180000,0x00000007f7000000)
 ParOldGen       total 87040K, used 48206K [0x00000007c0000000, 0x00000007c5500000, 0x00000007eaa80000)
  object space 87040K, 55% used [0x00000007c0000000,0x00000007c2f13968,0x00000007c5500000)
 PSPermGen       total 75264K, used 57811K [0x00000007b0000000, 0x00000007b4980000, 0x00000007c0000000)
  object space 75264K, 76% used [0x00000007b0000000,0x00000007b3874ce0,0x00000007b4980000)
Event: 5817.642 GC heap after
Heap after GC invocations=49 (full 13):
 PSYoungGen      total 185344K, used 3117K [0x00000007eaa80000, 0x00000007f6e00000, 0x0000000800000000)
  eden space 172544K, 0% used [0x00000007eaa80000,0x00000007eaa80000,0x00000007f5300000)
  from space 12800K, 24% used [0x00000007f6180000,0x00000007f648b620,0x00000007f6e00000)
  to   space 13824K, 0% used [0x00000007f5300000,0x00000007f5300000,0x00000007f6080000)
 ParOldGen       total 87040K, used 48754K [0x00000007c0000000, 0x00000007c5500000, 0x00000007eaa80000)
  object space 87040K, 56% used [0x00000007c0000000,0x00000007c2f9c9e8,0x00000007c5500000)
 PSPermGen       total 75264K, used 57811K [0x00000007b0000000, 0x00000007b4980000, 0x00000007c0000000)
  object space 75264K, 76% used [0x00000007b0000000,0x00000007b3874ce0,0x00000007b4980000)
}
Event: 5817.642 GC heap before
{Heap before GC invocations=50 (full 14):
 PSYoungGen      total 185344K, used 3117K [0x00000007eaa80000, 0x00000007f6e00000, 0x0000000800000000)
  eden space 172544K, 0% used [0x00000007eaa80000,0x00000007eaa80000,0x00000007f5300000)
  from space 12800K, 24% used [0x00000007f6180000,0x00000007f648b620,0x00000007f6e00000)
  to   space 13824K, 0% used [0x00000007f5300000,0x00000007f5300000,0x00000007f6080000)
 ParOldGen       total 87040K, used 48754K [0x00000007c0000000, 0x00000007c5500000, 0x00000007eaa80000)
  object space 87040K, 56% used [0x00000007c0000000,0x00000007c2f9c9e8,0x00000007c5500000)
 PSPermGen       total 75264K, used 57811K [0x00000007b0000000, 0x00000007b4980000, 0x00000007c0000000)
  object space 75264K, 76% used [0x00000007b0000000,0x00000007b3874ce0,0x00000007b4980000)
Event: 5818.025 GC heap after
Heap after GC invocations=50 (full 14):
 PSYoungGen      total 185344K, used 0K [0x00000007eaa80000, 0x00000007f6e00000, 0x0000000800000000)
  eden space 172544K, 0% used [0x00000007eaa80000,0x00000007eaa80000,0x00000007f5300000)
  from space 12800K, 0% used [0x00000007f6180000,0x00000007f6180000,0x00000007f6e00000)
  to   space 13824K, 0% used [0x00000007f5300000,0x00000007f5300000,0x00000007f6080000)
 ParOldGen       total 87040K, used 49958K [0x00000007c0000000, 0x00000007c5500000, 0x00000007eaa80000)
  object space 87040K, 57% used [0x00000007c0000000,0x00000007c30c9a88,0x00000007c5500000)
 PSPermGen       total 74240K, used 57810K [0x00000007b0000000, 0x00000007b4880000, 0x00000007c0000000)
  object space 74240K, 77% used [0x00000007b0000000,0x00000007b38748d8,0x00000007b4880000)
}
Event: 16770.366 GC heap before
{Heap before GC invocations=51 (full 14):
 PSYoungGen      total 185344K, used 6120K [0x00000007eaa80000, 0x00000007f6e00000, 0x0000000800000000)
  eden space 172544K, 3% used [0x00000007eaa80000,0x00000007eb07a350,0x00000007f5300000)
  from space 12800K, 0% used [0x00000007f6180000,0x00000007f6180000,0x00000007f6e00000)
  to   space 13824K, 0% used [0x00000007f5300000,0x00000007f5300000,0x00000007f6080000)
 ParOldGen       total 87040K, used 49958K [0x00000007c0000000, 0x00000007c5500000, 0x00000007eaa80000)
  object space 87040K, 57% used [0x00000007c0000000,0x00000007c30c9a88,0x00000007c5500000)
 PSPermGen       total 74240K, used 57834K [0x00000007b0000000, 0x00000007b4880000, 0x00000007c0000000)
  object space 74240K, 77% used [0x00000007b0000000,0x00000007b387a980,0x00000007b4880000)
Event: 16770.390 GC heap after
Heap after GC invocations=51 (full 14):
 PSYoungGen      total 186368K, used 352K [0x00000007eaa80000, 0x00000007f6e00000, 0x0000000800000000)
  eden space 172544K, 0% used [0x00000007eaa80000,0x00000007eaa80000,0x00000007f5300000)
  from space 13824K, 2% used [0x00000007f5300000,0x00000007f5358020,0x00000007f6080000)
  to   space 13824K, 0% used [0x00000007f6080000,0x00000007f6080000,0x00000007f6e00000)
 ParOldGen       total 87040K, used 49958K [0x00000007c0000000, 0x00000007c5500000, 0x00000007eaa80000)
  object space 87040K, 57% used [0x00000007c0000000,0x00000007c30c9a88,0x00000007c5500000)
 PSPermGen       total 74240K, used 57834K [0x00000007b0000000, 0x00000007b4880000, 0x00000007c0000000)
  object space 74240K, 77% used [0x00000007b0000000,0x00000007b387a980,0x00000007b4880000)
}
Event: 16770.390 GC heap before
{Heap before GC invocations=52 (full 15):
 PSYoungGen      total 186368K, used 352K [0x00000007eaa80000, 0x00000007f6e00000, 0x0000000800000000)
  eden space 172544K, 0% used [0x00000007eaa80000,0x00000007eaa80000,0x00000007f5300000)
  from space 13824K, 2% used [0x00000007f5300000,0x00000007f5358020,0x00000007f6080000)
  to   space 13824K, 0% used [0x00000007f6080000,0x00000007f6080000,0x00000007f6e00000)
 ParOldGen       total 87040K, used 49958K [0x00000007c0000000, 0x00000007c5500000, 0x00000007eaa80000)
  object space 87040K, 57% used [0x00000007c0000000,0x00000007c30c9a88,0x00000007c5500000)
 PSPermGen       total 74240K, used 57834K [0x00000007b0000000, 0x00000007b4880000, 0x00000007c0000000)
  object space 74240K, 77% used [0x00000007b0000000,0x00000007b387a980,0x00000007b4880000)
Event: 16770.789 GC heap after
Heap after GC invocations=52 (full 15):
 PSYoungGen      total 186368K, used 0K [0x00000007eaa80000, 0x00000007f6e00000, 0x0000000800000000)
  eden space 172544K, 0% used [0x00000007eaa80000,0x00000007eaa80000,0x00000007f5300000)
  from space 13824K, 0% used [0x00000007f5300000,0x00000007f5300000,0x00000007f6080000)
  to   space 13824K, 0% used [0x00000007f6080000,0x00000007f6080000,0x00000007f6e00000)
 ParOldGen       total 87040K, used 24898K [0x00000007c0000000, 0x00000007c5500000, 0x00000007eaa80000)
  object space 87040K, 28% used [0x00000007c0000000,0x00000007c18509c8,0x00000007c5500000)
 PSPermGen       total 68608K, used 54367K [0x00000007b0000000, 0x00000007b4300000, 0x00000007c0000000)
  object space 68608K, 79% used [0x00000007b0000000,0x00000007b3517c40,0x00000007b4300000)
}

