# JRE version: Java(TM) SE Runtime Environment (7.0_75-b13) (build 1.7.0_75-b13)
# Java VM: Java HotSpot(TM) 64-Bit Server VM (24.75-b04 mixed mode bsd-amd64 compressed oops)
Heap
 PSYoungGen      total 151552K, used 40244K [0x00000007eaa80000, 0x00000007f7100000, 0x0000000800000000)
  eden space 150016K, 26% used [0x00000007eaa80000,0x00000007ed1cd3c0,0x00000007f3d00000)
  from space 1536K, 0% used [0x00000007f3d00000,0x00000007f3d00000,0x00000007f3e80000)
  to   space 26624K, 0% used [0x00000007f5700000,0x00000007f5700000,0x00000007f7100000)
 ParOldGen       total 87040K, used 35605K [0x00000007c0000000, 0x00000007c5500000, 0x00000007eaa80000)
  object space 87040K, 40% used [0x00000007c0000000,0x00000007c22c5528,0x00000007c5500000)
 PSPermGen       total 72192K, used 48047K [0x00000007b0000000, 0x00000007b4680000, 0x00000007c0000000)
  object space 72192K, 66% used [0x00000007b0000000,0x00000007b2eebeb8,0x00000007b4680000)
GC Heap History (10 events):
Event: 2572.594 GC heap before
{Heap before GC invocations=37 (full 9):
 PSYoungGen      total 189440K, used 1312K [0x00000007eaa80000, 0x00000007f7e80000, 0x0000000800000000)
  eden space 162816K, 0% used [0x00000007eaa80000,0x00000007eaa80000,0x00000007f4980000)
  from space 26624K, 4% used [0x00000007f6480000,0x00000007f65c8000,0x00000007f7e80000)
  to   space 27136K, 0% used [0x00000007f4980000,0x00000007f4980000,0x00000007f6400000)
 ParOldGen       total 87040K, used 35914K [0x00000007c0000000, 0x00000007c5500000, 0x00000007eaa80000)
  object space 87040K, 41% used [0x00000007c0000000,0x00000007c2312a88,0x00000007c5500000)
 PSPermGen       total 79872K, used 48031K [0x00000007b0000000, 0x00000007b4e00000, 0x00000007c0000000)
  object space 79872K, 60% used [0x00000007b0000000,0x00000007b2ee7c50,0x00000007b4e00000)
Event: 2572.850 GC heap after
Heap after GC invocations=37 (full 9):
 PSYoungGen      total 189440K, used 0K [0x00000007eaa80000, 0x00000007f7e80000, 0x0000000800000000)
  eden space 162816K, 0% used [0x00000007eaa80000,0x00000007eaa80000,0x00000007f4980000)
  from space 26624K, 0% used [0x00000007f6480000,0x00000007f6480000,0x00000007f7e80000)
  to   space 27136K, 0% used [0x00000007f4980000,0x00000007f4980000,0x00000007f6400000)
 ParOldGen       total 87040K, used 27892K [0x00000007c0000000, 0x00000007c5500000, 0x00000007eaa80000)
  object space 87040K, 32% used [0x00000007c0000000,0x00000007c1b3d1f8,0x00000007c5500000)
 PSPermGen       total 75264K, used 47306K [0x00000007b0000000, 0x00000007b4980000, 0x00000007c0000000)
  object space 75264K, 62% used [0x00000007b0000000,0x00000007b2e329d8,0x00000007b4980000)
}
Event: 2643.291 GC heap before
{Heap before GC invocations=38 (full 9):
 PSYoungGen      total 189440K, used 162816K [0x00000007eaa80000, 0x00000007f7e80000, 0x0000000800000000)
  eden space 162816K, 100% used [0x00000007eaa80000,0x00000007f4980000,0x00000007f4980000)
  from space 26624K, 0% used [0x00000007f6480000,0x00000007f6480000,0x00000007f7e80000)
  to   space 27136K, 0% used [0x00000007f4980000,0x00000007f4980000,0x00000007f6400000)
 ParOldGen       total 87040K, used 27892K [0x00000007c0000000, 0x00000007c5500000, 0x00000007eaa80000)
  object space 87040K, 32% used [0x00000007c0000000,0x00000007c1b3d1f8,0x00000007c5500000)
 PSPermGen       total 75264K, used 47722K [0x00000007b0000000, 0x00000007b4980000, 0x00000007c0000000)
  object space 75264K, 63% used [0x00000007b0000000,0x00000007b2e9aa18,0x00000007b4980000)
Event: 2643.307 GC heap after
Heap after GC invocations=38 (full 9):
 PSYoungGen      total 172032K, used 15742K [0x00000007eaa80000, 0x00000007f7a00000, 0x0000000800000000)
  eden space 156160K, 0% used [0x00000007eaa80000,0x00000007eaa80000,0x00000007f4300000)
  from space 15872K, 99% used [0x00000007f4980000,0x00000007f58dfa00,0x00000007f5900000)
  to   space 28160K, 0% used [0x00000007f5e80000,0x00000007f5e80000,0x00000007f7a00000)
 ParOldGen       total 87040K, used 27892K [0x00000007c0000000, 0x00000007c5500000, 0x00000007eaa80000)
  object space 87040K, 32% used [0x00000007c0000000,0x00000007c1b3d1f8,0x00000007c5500000)
 PSPermGen       total 75264K, used 47722K [0x00000007b0000000, 0x00000007b4980000, 0x00000007c0000000)
  object space 75264K, 63% used [0x00000007b0000000,0x00000007b2e9aa18,0x00000007b4980000)
}
Event: 4591.628 GC heap before
{Heap before GC invocations=39 (full 9):
 PSYoungGen      total 172032K, used 171902K [0x00000007eaa80000, 0x00000007f7a00000, 0x0000000800000000)
  eden space 156160K, 100% used [0x00000007eaa80000,0x00000007f4300000,0x00000007f4300000)
  from space 15872K, 99% used [0x00000007f4980000,0x00000007f58dfa00,0x00000007f5900000)
  to   space 28160K, 0% used [0x00000007f5e80000,0x00000007f5e80000,0x00000007f7a00000)
 ParOldGen       total 87040K, used 27892K [0x00000007c0000000, 0x00000007c5500000, 0x00000007eaa80000)
  object space 87040K, 32% used [0x00000007c0000000,0x00000007c1b3d1f8,0x00000007c5500000)
 PSPermGen       total 75264K, used 47893K [0x00000007b0000000, 0x00000007b4980000, 0x00000007c0000000)
  object space 75264K, 63% used [0x00000007b0000000,0x00000007b2ec5688,0x00000007b4980000)
Event: 4591.705 GC heap after
Heap after GC invocations=39 (full 9):
 PSYoungGen      total 169984K, used 1248K [0x00000007eaa80000, 0x00000007f7200000, 0x0000000800000000)
  eden space 150016K, 0% used [0x00000007eaa80000,0x00000007eaa80000,0x00000007f3d00000)
  from space 19968K, 6% used [0x00000007f5e80000,0x00000007f5fb8000,0x00000007f7200000)
  to   space 27136K, 0% used [0x00000007f3d00000,0x00000007f3d00000,0x00000007f5780000)
 ParOldGen       total 87040K, used 36804K [0x00000007c0000000, 0x00000007c5500000, 0x00000007eaa80000)
  object space 87040K, 42% used [0x00000007c0000000,0x00000007c23f12a8,0x00000007c5500000)
 PSPermGen       total 75264K, used 47893K [0x00000007b0000000, 0x00000007b4980000, 0x00000007c0000000)
  object space 75264K, 63% used [0x00000007b0000000,0x00000007b2ec5688,0x00000007b4980000)
}
Event: 4598.186 GC heap before
{Heap before GC invocations=40 (full 9):
 PSYoungGen      total 169984K, used 143551K [0x00000007eaa80000, 0x00000007f7200000, 0x0000000800000000)
  eden space 150016K, 94% used [0x00000007eaa80000,0x00000007f3577e08,0x00000007f3d00000)
  from space 19968K, 6% used [0x00000007f5e80000,0x00000007f5fb8000,0x00000007f7200000)
  to   space 27136K, 0% used [0x00000007f3d00000,0x00000007f3d00000,0x00000007f5780000)
 ParOldGen       total 87040K, used 36804K [0x00000007c0000000, 0x00000007c5500000, 0x00000007eaa80000)
  object space 87040K, 42% used [0x00000007c0000000,0x00000007c23f12a8,0x00000007c5500000)
 PSPermGen       total 75264K, used 48014K [0x00000007b0000000, 0x00000007b4980000, 0x00000007c0000000)
  object space 75264K, 63% used [0x00000007b0000000,0x00000007b2ee3b88,0x00000007b4980000)
Event: 4598.196 GC heap after
Heap after GC invocations=40 (full 9):
 PSYoungGen      total 151552K, used 1216K [0x00000007eaa80000, 0x00000007f7100000, 0x0000000800000000)
  eden space 150016K, 0% used [0x00000007eaa80000,0x00000007eaa80000,0x00000007f3d00000)
  from space 1536K, 79% used [0x00000007f3d00000,0x00000007f3e30020,0x00000007f3e80000)
  to   space 26624K, 0% used [0x00000007f5700000,0x00000007f5700000,0x00000007f7100000)
 ParOldGen       total 87040K, used 37060K [0x00000007c0000000, 0x00000007c5500000, 0x00000007eaa80000)
  object space 87040K, 42% used [0x00000007c0000000,0x00000007c24312a8,0x00000007c5500000)
 PSPermGen       total 75264K, used 48014K [0x00000007b0000000, 0x00000007b4980000, 0x00000007c0000000)
  object space 75264K, 63% used [0x00000007b0000000,0x00000007b2ee3b88,0x00000007b4980000)
}
Event: 4598.196 GC heap before
{Heap before GC invocations=41 (full 10):
 PSYoungGen      total 151552K, used 1216K [0x00000007eaa80000, 0x00000007f7100000, 0x0000000800000000)
  eden space 150016K, 0% used [0x00000007eaa80000,0x00000007eaa80000,0x00000007f3d00000)
  from space 1536K, 79% used [0x00000007f3d00000,0x00000007f3e30020,0x00000007f3e80000)
  to   space 26624K, 0% used [0x00000007f5700000,0x00000007f5700000,0x00000007f7100000)
 ParOldGen       total 87040K, used 37060K [0x00000007c0000000, 0x00000007c5500000, 0x00000007eaa80000)
  object space 87040K, 42% used [0x00000007c0000000,0x00000007c24312a8,0x00000007c5500000)
 PSPermGen       total 75264K, used 48014K [0x00000007b0000000, 0x00000007b4980000, 0x00000007c0000000)
  object space 75264K, 63% used [0x00000007b0000000,0x00000007b2ee3b88,0x00000007b4980000)
Event: 4598.729 GC heap after
Heap after GC invocations=41 (full 10):
 PSYoungGen      total 151552K, used 0K [0x00000007eaa80000, 0x00000007f7100000, 0x0000000800000000)
  eden space 150016K, 0% used [0x00000007eaa80000,0x00000007eaa80000,0x00000007f3d00000)
  from space 1536K, 0% used [0x00000007f3d00000,0x00000007f3d00000,0x00000007f3e80000)
  to   space 26624K, 0% used [0x00000007f5700000,0x00000007f5700000,0x00000007f7100000)
 ParOldGen       total 87040K, used 35605K [0x00000007c0000000, 0x00000007c5500000, 0x00000007eaa80000)
  object space 87040K, 40% used [0x00000007c0000000,0x00000007c22c5528,0x00000007c5500000)
 PSPermGen       total 72192K, used 47941K [0x00000007b0000000, 0x00000007b4680000, 0x00000007c0000000)
  object space 72192K, 66% used [0x00000007b0000000,0x00000007b2ed1728,0x00000007b4680000)
}

