# JRE version: Java(TM) SE Runtime Environment (7.0_75-b13) (build 1.7.0_75-b13)
# Java VM: Java HotSpot(TM) 64-Bit Server VM (24.75-b04 mixed mode bsd-amd64 compressed oops)
Heap
 PSYoungGen      total 221184K, used 41139K [0x00000007eaa80000, 0x00000007f9c80000, 0x0000000800000000)
  eden space 196608K, 20% used [0x00000007eaa80000,0x00000007ed2acfc8,0x00000007f6a80000)
  from space 24576K, 0% used [0x00000007f8480000,0x00000007f8480000,0x00000007f9c80000)
  to   space 25600K, 0% used [0x00000007f6a80000,0x00000007f6a80000,0x00000007f8380000)
 ParOldGen       total 87040K, used 39115K [0x00000007c0000000, 0x00000007c5500000, 0x00000007eaa80000)
  object space 87040K, 44% used [0x00000007c0000000,0x00000007c2632fa8,0x00000007c5500000)
 PSPermGen       total 95232K, used 53420K [0x00000007b0000000, 0x00000007b5d00000, 0x00000007c0000000)
  object space 95232K, 56% used [0x00000007b0000000,0x00000007b342b240,0x00000007b5d00000)
GC Heap History (10 events):
Event: 2714.168 GC heap before
{Heap before GC invocations=24 (full 4):
 PSYoungGen      total 233472K, used 205312K [0x00000007eaa80000, 0x00000007faa00000, 0x0000000800000000)
  eden space 205312K, 100% used [0x00000007eaa80000,0x00000007f7300000,0x00000007f7300000)
  from space 28160K, 0% used [0x00000007f7300000,0x00000007f7300000,0x00000007f8e80000)
  to   space 28160K, 0% used [0x00000007f8e80000,0x00000007f8e80000,0x00000007faa00000)
 ParOldGen       total 87040K, used 37848K [0x00000007c0000000, 0x00000007c5500000, 0x00000007eaa80000)
  object space 87040K, 43% used [0x00000007c0000000,0x00000007c24f61d8,0x00000007c5500000)
 PSPermGen       total 101376K, used 53135K [0x00000007b0000000, 0x00000007b6300000, 0x00000007c0000000)
  object space 101376K, 52% used [0x00000007b0000000,0x00000007b33e3f70,0x00000007b6300000)
Event: 2714.174 GC heap after
Heap after GC invocations=24 (full 4):
 PSYoungGen      total 214016K, used 3568K [0x00000007eaa80000, 0x00000007f9f80000, 0x0000000800000000)
  eden space 196608K, 0% used [0x00000007eaa80000,0x00000007eaa80000,0x00000007f6a80000)
  from space 17408K, 20% used [0x00000007f8e80000,0x00000007f91fc030,0x00000007f9f80000)
  to   space 27136K, 0% used [0x00000007f6a80000,0x00000007f6a80000,0x00000007f8500000)
 ParOldGen       total 87040K, used 37848K [0x00000007c0000000, 0x00000007c5500000, 0x00000007eaa80000)
  object space 87040K, 43% used [0x00000007c0000000,0x00000007c24f61d8,0x00000007c5500000)
 PSPermGen       total 101376K, used 53135K [0x00000007b0000000, 0x00000007b6300000, 0x00000007c0000000)
  object space 101376K, 52% used [0x00000007b0000000,0x00000007b33e3f70,0x00000007b6300000)
}
Event: 2717.228 GC heap before
{Heap before GC invocations=25 (full 4):
 PSYoungGen      total 214016K, used 111966K [0x00000007eaa80000, 0x00000007f9f80000, 0x0000000800000000)
  eden space 196608K, 55% used [0x00000007eaa80000,0x00000007f145b850,0x00000007f6a80000)
  from space 17408K, 20% used [0x00000007f8e80000,0x00000007f91fc030,0x00000007f9f80000)
  to   space 27136K, 0% used [0x00000007f6a80000,0x00000007f6a80000,0x00000007f8500000)
 ParOldGen       total 87040K, used 37848K [0x00000007c0000000, 0x00000007c5500000, 0x00000007eaa80000)
  object space 87040K, 43% used [0x00000007c0000000,0x00000007c24f61d8,0x00000007c5500000)
 PSPermGen       total 101376K, used 53183K [0x00000007b0000000, 0x00000007b6300000, 0x00000007c0000000)
  object space 101376K, 52% used [0x00000007b0000000,0x00000007b33efef0,0x00000007b6300000)
Event: 2717.232 GC heap after
Heap after GC invocations=25 (full 4):
 PSYoungGen      total 197632K, used 704K [0x00000007eaa80000, 0x00000007f9e80000, 0x0000000800000000)
  eden space 196608K, 0% used [0x00000007eaa80000,0x00000007eaa80000,0x00000007f6a80000)
  from space 1024K, 68% used [0x00000007f6a80000,0x00000007f6b30000,0x00000007f6b80000)
  to   space 26624K, 0% used [0x00000007f8480000,0x00000007f8480000,0x00000007f9e80000)
 ParOldGen       total 87040K, used 38933K [0x00000007c0000000, 0x00000007c5500000, 0x00000007eaa80000)
  object space 87040K, 44% used [0x00000007c0000000,0x00000007c26056b0,0x00000007c5500000)
 PSPermGen       total 101376K, used 53183K [0x00000007b0000000, 0x00000007b6300000, 0x00000007c0000000)
  object space 101376K, 52% used [0x00000007b0000000,0x00000007b33efef0,0x00000007b6300000)
}
Event: 2717.232 GC heap before
{Heap before GC invocations=26 (full 5):
 PSYoungGen      total 197632K, used 704K [0x00000007eaa80000, 0x00000007f9e80000, 0x0000000800000000)
  eden space 196608K, 0% used [0x00000007eaa80000,0x00000007eaa80000,0x00000007f6a80000)
  from space 1024K, 68% used [0x00000007f6a80000,0x00000007f6b30000,0x00000007f6b80000)
  to   space 26624K, 0% used [0x00000007f8480000,0x00000007f8480000,0x00000007f9e80000)
 ParOldGen       total 87040K, used 38933K [0x00000007c0000000, 0x00000007c5500000, 0x00000007eaa80000)
  object space 87040K, 44% used [0x00000007c0000000,0x00000007c26056b0,0x00000007c5500000)
 PSPermGen       total 101376K, used 53183K [0x00000007b0000000, 0x00000007b6300000, 0x00000007c0000000)
  object space 101376K, 52% used [0x00000007b0000000,0x00000007b33efef0,0x00000007b6300000)
Event: 2717.582 GC heap after
Heap after GC invocations=26 (full 5):
 PSYoungGen      total 197632K, used 0K [0x00000007eaa80000, 0x00000007f9e80000, 0x0000000800000000)
  eden space 196608K, 0% used [0x00000007eaa80000,0x00000007eaa80000,0x00000007f6a80000)
  from space 1024K, 0% used [0x00000007f6a80000,0x00000007f6a80000,0x00000007f6b80000)
  to   space 26624K, 0% used [0x00000007f8480000,0x00000007f8480000,0x00000007f9e80000)
 ParOldGen       total 87040K, used 38353K [0x00000007c0000000, 0x00000007c5500000, 0x00000007eaa80000)
  object space 87040K, 44% used [0x00000007c0000000,0x00000007c2574480,0x00000007c5500000)
 PSPermGen       total 98816K, used 53182K [0x00000007b0000000, 0x00000007b6080000, 0x00000007c0000000)
  object space 98816K, 53% used [0x00000007b0000000,0x00000007b33ef990,0x00000007b6080000)
}
Event: 2909.532 GC heap before
{Heap before GC invocations=27 (full 5):
 PSYoungGen      total 197632K, used 144173K [0x00000007eaa80000, 0x00000007f9e80000, 0x0000000800000000)
  eden space 196608K, 73% used [0x00000007eaa80000,0x00000007f374b520,0x00000007f6a80000)
  from space 1024K, 0% used [0x00000007f6a80000,0x00000007f6a80000,0x00000007f6b80000)
  to   space 26624K, 0% used [0x00000007f8480000,0x00000007f8480000,0x00000007f9e80000)
 ParOldGen       total 87040K, used 38353K [0x00000007c0000000, 0x00000007c5500000, 0x00000007eaa80000)
  object space 87040K, 44% used [0x00000007c0000000,0x00000007c2574480,0x00000007c5500000)
 PSPermGen       total 98816K, used 53365K [0x00000007b0000000, 0x00000007b6080000, 0x00000007c0000000)
  object space 98816K, 54% used [0x00000007b0000000,0x00000007b341d600,0x00000007b6080000)
Event: 2909.537 GC heap after
Heap after GC invocations=27 (full 5):
 PSYoungGen      total 221184K, used 1568K [0x00000007eaa80000, 0x00000007f9c80000, 0x0000000800000000)
  eden space 196608K, 0% used [0x00000007eaa80000,0x00000007eaa80000,0x00000007f6a80000)
  from space 24576K, 6% used [0x00000007f8480000,0x00000007f8608020,0x00000007f9c80000)
  to   space 25600K, 0% used [0x00000007f6a80000,0x00000007f6a80000,0x00000007f8380000)
 ParOldGen       total 87040K, used 38353K [0x00000007c0000000, 0x00000007c5500000, 0x00000007eaa80000)
  object space 87040K, 44% used [0x00000007c0000000,0x00000007c2574480,0x00000007c5500000)
 PSPermGen       total 98816K, used 53365K [0x00000007b0000000, 0x00000007b6080000, 0x00000007c0000000)
  object space 98816K, 54% used [0x00000007b0000000,0x00000007b341d600,0x00000007b6080000)
}
Event: 2909.537 GC heap before
{Heap before GC invocations=28 (full 6):
 PSYoungGen      total 221184K, used 1568K [0x00000007eaa80000, 0x00000007f9c80000, 0x0000000800000000)
  eden space 196608K, 0% used [0x00000007eaa80000,0x00000007eaa80000,0x00000007f6a80000)
  from space 24576K, 6% used [0x00000007f8480000,0x00000007f8608020,0x00000007f9c80000)
  to   space 25600K, 0% used [0x00000007f6a80000,0x00000007f6a80000,0x00000007f8380000)
 ParOldGen       total 87040K, used 38353K [0x00000007c0000000, 0x00000007c5500000, 0x00000007eaa80000)
  object space 87040K, 44% used [0x00000007c0000000,0x00000007c2574480,0x00000007c5500000)
 PSPermGen       total 98816K, used 53365K [0x00000007b0000000, 0x00000007b6080000, 0x00000007c0000000)
  object space 98816K, 54% used [0x00000007b0000000,0x00000007b341d600,0x00000007b6080000)
Event: 2909.858 GC heap after
Heap after GC invocations=28 (full 6):
 PSYoungGen      total 221184K, used 0K [0x00000007eaa80000, 0x00000007f9c80000, 0x0000000800000000)
  eden space 196608K, 0% used [0x00000007eaa80000,0x00000007eaa80000,0x00000007f6a80000)
  from space 24576K, 0% used [0x00000007f8480000,0x00000007f8480000,0x00000007f9c80000)
  to   space 25600K, 0% used [0x00000007f6a80000,0x00000007f6a80000,0x00000007f8380000)
 ParOldGen       total 87040K, used 39115K [0x00000007c0000000, 0x00000007c5500000, 0x00000007eaa80000)
  object space 87040K, 44% used [0x00000007c0000000,0x00000007c2632fa8,0x00000007c5500000)
 PSPermGen       total 95232K, used 53365K [0x00000007b0000000, 0x00000007b5d00000, 0x00000007c0000000)
  object space 95232K, 56% used [0x00000007b0000000,0x00000007b341d4e0,0x00000007b5d00000)
}

