# JRE version: Java(TM) SE Runtime Environment (7.0_75-b13) (build 1.7.0_75-b13)
# Java VM: Java HotSpot(TM) 64-Bit Server VM (24.75-b04 mixed mode bsd-amd64 compressed oops)
Heap
 PSYoungGen      total 308736K, used 67368K [0x00000007eaa80000, 0x00000007fec00000, 0x0000000800000000)
  eden space 289280K, 23% used [0x00000007eaa80000,0x00000007eec4a108,0x00000007fc500000)
  from space 19456K, 0% used [0x00000007fd900000,0x00000007fd900000,0x00000007fec00000)
  to   space 19968K, 0% used [0x00000007fc500000,0x00000007fc500000,0x00000007fd880000)
 ParOldGen       total 87040K, used 24596K [0x00000007c0000000, 0x00000007c5500000, 0x00000007eaa80000)
  object space 87040K, 28% used [0x00000007c0000000,0x00000007c1805358,0x00000007c5500000)
 PSPermGen       total 74752K, used 54395K [0x00000007b0000000, 0x00000007b4900000, 0x00000007c0000000)
  object space 74752K, 72% used [0x00000007b0000000,0x00000007b351efc0,0x00000007b4900000)
GC Heap History (10 events):
Event: 66697.220 GC heap before
{Heap before GC invocations=34 (full 10):
 PSYoungGen      total 310272K, used 800K [0x00000007eaa80000, 0x00000007fef00000, 0x0000000800000000)
  eden space 289280K, 0% used [0x00000007eaa80000,0x00000007eaa80000,0x00000007fc500000)
  from space 20992K, 3% used [0x00000007fda80000,0x00000007fdb48020,0x00000007fef00000)
  to   space 21504K, 0% used [0x00000007fc500000,0x00000007fc500000,0x00000007fda00000)
 ParOldGen       total 87040K, used 42225K [0x00000007c0000000, 0x00000007c5500000, 0x00000007eaa80000)
  object space 87040K, 48% used [0x00000007c0000000,0x00000007c293c6a8,0x00000007c5500000)
 PSPermGen       total 87040K, used 56156K [0x00000007b0000000, 0x00000007b5500000, 0x00000007c0000000)
  object space 87040K, 64% used [0x00000007b0000000,0x00000007b36d7130,0x00000007b5500000)
Event: 66697.773 GC heap after
Heap after GC invocations=34 (full 10):
 PSYoungGen      total 310272K, used 0K [0x00000007eaa80000, 0x00000007fef00000, 0x0000000800000000)
  eden space 289280K, 0% used [0x00000007eaa80000,0x00000007eaa80000,0x00000007fc500000)
  from space 20992K, 0% used [0x00000007fda80000,0x00000007fda80000,0x00000007fef00000)
  to   space 21504K, 0% used [0x00000007fc500000,0x00000007fc500000,0x00000007fda00000)
 ParOldGen       total 87040K, used 23743K [0x00000007c0000000, 0x00000007c5500000, 0x00000007eaa80000)
  object space 87040K, 27% used [0x00000007c0000000,0x00000007c172fc10,0x00000007c5500000)
 PSPermGen       total 81408K, used 53945K [0x00000007b0000000, 0x00000007b4f80000, 0x00000007c0000000)
  object space 81408K, 66% used [0x00000007b0000000,0x00000007b34ae688,0x00000007b4f80000)
}
Event: 66822.819 GC heap before
{Heap before GC invocations=35 (full 10):
 PSYoungGen      total 310272K, used 24383K [0x00000007eaa80000, 0x00000007fef00000, 0x0000000800000000)
  eden space 289280K, 8% used [0x00000007eaa80000,0x00000007ec24fd90,0x00000007fc500000)
  from space 20992K, 0% used [0x00000007fda80000,0x00000007fda80000,0x00000007fef00000)
  to   space 21504K, 0% used [0x00000007fc500000,0x00000007fc500000,0x00000007fda00000)
 ParOldGen       total 87040K, used 23743K [0x00000007c0000000, 0x00000007c5500000, 0x00000007eaa80000)
  object space 87040K, 27% used [0x00000007c0000000,0x00000007c172fc10,0x00000007c5500000)
 PSPermGen       total 81408K, used 54166K [0x00000007b0000000, 0x00000007b4f80000, 0x00000007c0000000)
  object space 81408K, 66% used [0x00000007b0000000,0x00000007b34e59d8,0x00000007b4f80000)
Event: 66822.828 GC heap after
Heap after GC invocations=35 (full 10):
 PSYoungGen      total 290816K, used 1456K [0x00000007eaa80000, 0x00000007fed00000, 0x0000000800000000)
  eden space 289280K, 0% used [0x00000007eaa80000,0x00000007eaa80000,0x00000007fc500000)
  from space 1536K, 94% used [0x00000007fc500000,0x00000007fc66c010,0x00000007fc680000)
  to   space 20480K, 0% used [0x00000007fd900000,0x00000007fd900000,0x00000007fed00000)
 ParOldGen       total 87040K, used 23743K [0x00000007c0000000, 0x00000007c5500000, 0x00000007eaa80000)
  object space 87040K, 27% used [0x00000007c0000000,0x00000007c172fc10,0x00000007c5500000)
 PSPermGen       total 81408K, used 54166K [0x00000007b0000000, 0x00000007b4f80000, 0x00000007c0000000)
  object space 81408K, 66% used [0x00000007b0000000,0x00000007b34e59d8,0x00000007b4f80000)
}
Event: 66822.828 GC heap before
{Heap before GC invocations=36 (full 11):
 PSYoungGen      total 290816K, used 1456K [0x00000007eaa80000, 0x00000007fed00000, 0x0000000800000000)
  eden space 289280K, 0% used [0x00000007eaa80000,0x00000007eaa80000,0x00000007fc500000)
  from space 1536K, 94% used [0x00000007fc500000,0x00000007fc66c010,0x00000007fc680000)
  to   space 20480K, 0% used [0x00000007fd900000,0x00000007fd900000,0x00000007fed00000)
 ParOldGen       total 87040K, used 23743K [0x00000007c0000000, 0x00000007c5500000, 0x00000007eaa80000)
  object space 87040K, 27% used [0x00000007c0000000,0x00000007c172fc10,0x00000007c5500000)
 PSPermGen       total 81408K, used 54166K [0x00000007b0000000, 0x00000007b4f80000, 0x00000007c0000000)
  object space 81408K, 66% used [0x00000007b0000000,0x00000007b34e59d8,0x00000007b4f80000)
Event: 66822.983 GC heap after
Heap after GC invocations=36 (full 11):
 PSYoungGen      total 290816K, used 0K [0x00000007eaa80000, 0x00000007fed00000, 0x0000000800000000)
  eden space 289280K, 0% used [0x00000007eaa80000,0x00000007eaa80000,0x00000007fc500000)
  from space 1536K, 0% used [0x00000007fc500000,0x00000007fc500000,0x00000007fc680000)
  to   space 20480K, 0% used [0x00000007fd900000,0x00000007fd900000,0x00000007fed00000)
 ParOldGen       total 87040K, used 24271K [0x00000007c0000000, 0x00000007c5500000, 0x00000007eaa80000)
  object space 87040K, 27% used [0x00000007c0000000,0x00000007c17b3de8,0x00000007c5500000)
 PSPermGen       total 77824K, used 54166K [0x00000007b0000000, 0x00000007b4c00000, 0x00000007c0000000)
  object space 77824K, 69% used [0x00000007b0000000,0x00000007b34e5958,0x00000007b4c00000)
}
Event: 67058.154 GC heap before
{Heap before GC invocations=37 (full 11):
 PSYoungGen      total 290816K, used 17628K [0x00000007eaa80000, 0x00000007fed00000, 0x0000000800000000)
  eden space 289280K, 6% used [0x00000007eaa80000,0x00000007ebbb7060,0x00000007fc500000)
  from space 1536K, 0% used [0x00000007fc500000,0x00000007fc500000,0x00000007fc680000)
  to   space 20480K, 0% used [0x00000007fd900000,0x00000007fd900000,0x00000007fed00000)
 ParOldGen       total 87040K, used 24271K [0x00000007c0000000, 0x00000007c5500000, 0x00000007eaa80000)
  object space 87040K, 27% used [0x00000007c0000000,0x00000007c17b3de8,0x00000007c5500000)
 PSPermGen       total 77824K, used 54176K [0x00000007b0000000, 0x00000007b4c00000, 0x00000007c0000000)
  object space 77824K, 69% used [0x00000007b0000000,0x00000007b34e82a8,0x00000007b4c00000)
Event: 67058.160 GC heap after
Heap after GC invocations=37 (full 11):
 PSYoungGen      total 308736K, used 544K [0x00000007eaa80000, 0x00000007fec00000, 0x0000000800000000)
  eden space 289280K, 0% used [0x00000007eaa80000,0x00000007eaa80000,0x00000007fc500000)
  from space 19456K, 2% used [0x00000007fd900000,0x00000007fd988000,0x00000007fec00000)
  to   space 19968K, 0% used [0x00000007fc500000,0x00000007fc500000,0x00000007fd880000)
 ParOldGen       total 87040K, used 24271K [0x00000007c0000000, 0x00000007c5500000, 0x00000007eaa80000)
  object space 87040K, 27% used [0x00000007c0000000,0x00000007c17b3de8,0x00000007c5500000)
 PSPermGen       total 77824K, used 54176K [0x00000007b0000000, 0x00000007b4c00000, 0x00000007c0000000)
  object space 77824K, 69% used [0x00000007b0000000,0x00000007b34e82a8,0x00000007b4c00000)
}
Event: 67058.160 GC heap before
{Heap before GC invocations=38 (full 12):
 PSYoungGen      total 308736K, used 544K [0x00000007eaa80000, 0x00000007fec00000, 0x0000000800000000)
  eden space 289280K, 0% used [0x00000007eaa80000,0x00000007eaa80000,0x00000007fc500000)
  from space 19456K, 2% used [0x00000007fd900000,0x00000007fd988000,0x00000007fec00000)
  to   space 19968K, 0% used [0x00000007fc500000,0x00000007fc500000,0x00000007fd880000)
 ParOldGen       total 87040K, used 24271K [0x00000007c0000000, 0x00000007c5500000, 0x00000007eaa80000)
  object space 87040K, 27% used [0x00000007c0000000,0x00000007c17b3de8,0x00000007c5500000)
 PSPermGen       total 77824K, used 54176K [0x00000007b0000000, 0x00000007b4c00000, 0x00000007c0000000)
  object space 77824K, 69% used [0x00000007b0000000,0x00000007b34e82a8,0x00000007b4c00000)
Event: 67058.290 GC heap after
Heap after GC invocations=38 (full 12):
 PSYoungGen      total 308736K, used 0K [0x00000007eaa80000, 0x00000007fec00000, 0x0000000800000000)
  eden space 289280K, 0% used [0x00000007eaa80000,0x00000007eaa80000,0x00000007fc500000)
  from space 19456K, 0% used [0x00000007fd900000,0x00000007fd900000,0x00000007fec00000)
  to   space 19968K, 0% used [0x00000007fc500000,0x00000007fc500000,0x00000007fd880000)
 ParOldGen       total 87040K, used 24596K [0x00000007c0000000, 0x00000007c5500000, 0x00000007eaa80000)
  object space 87040K, 28% used [0x00000007c0000000,0x00000007c1805358,0x00000007c5500000)
 PSPermGen       total 74752K, used 54176K [0x00000007b0000000, 0x00000007b4900000, 0x00000007c0000000)
  object space 74752K, 72% used [0x00000007b0000000,0x00000007b34e8288,0x00000007b4900000)
}

